DEBUG [2018-08-09 09:41:37] C:\Users\Tc\PycharmProjects\tc_finance\lib\utils\log.py 53 debug 41208 9092 
 	 sso verify time:744.0197467803955 ms 

DEBUG [2018-08-09 09:41:40] C:\Users\Tc\PycharmProjects\tc_finance\lib\utils\log.py 53 debug 41208 9092 
 	 [StatementSupDetaiExlViewset : unstatement]Training complete in 2.420647 real seconds 

DEBUG [2018-08-09 09:42:08] C:\Users\Tc\PycharmProjects\tc_finance\lib\utils\log.py 53 debug 25716 18424 
 	 sso verify time:712.0823860168457 ms 

DEBUG [2018-08-09 09:42:11] C:\Users\Tc\PycharmProjects\tc_finance\lib\utils\log.py 53 debug 25716 18424 
 	 [StatementSupDetaiExlViewset : unstatement]Training complete in 2.667839 real seconds 

DEBUG [2018-08-09 15:55:03] C:\Users\Tc\PycharmProjects\tc_finance\lib\utils\log.py 53 debug 25716 28368 
 	 sso verify time:230.38458824157715 ms 

DEBUG [2018-08-09 15:55:05] C:\Users\Tc\PycharmProjects\tc_finance\lib\utils\log.py 53 debug 25716 28368 
 	 [StatementSupDetaiExlViewset : unstatement]Training complete in 2.292872 real seconds 

DEBUG [2018-08-09 15:55:22] C:\Users\Tc\PycharmProjects\tc_finance\lib\utils\log.py 53 debug 25716 34476 
 	 sso verify time:672.2009181976318 ms 

DEBUG [2018-08-09 15:57:29] C:\Users\Tc\PycharmProjects\tc_finance\lib\utils\log.py 53 debug 25716 20648 
 	 sso verify time:200.46639442443848 ms 

DEBUG [2018-08-09 15:57:29] C:\Users\Tc\PycharmProjects\tc_finance\lib\utils\log.py 53 debug 25716 20648 
 	 [PriceruleViewSet : list]Training complete in 0.602418 real seconds 

DEBUG [2018-08-09 15:59:29] C:\Users\Tc\PycharmProjects\tc_finance\lib\utils\log.py 53 debug 40980 30504 
 	 sso verify time:526.5638828277588 ms 

DEBUG [2018-08-09 15:59:30] C:\Users\Tc\PycharmProjects\tc_finance\lib\utils\log.py 53 debug 40980 30504 
 	 [PriceruleViewSet : list]Training complete in 0.521626 real seconds 

DEBUG [2018-08-09 16:00:13] C:\Users\Tc\PycharmProjects\tc_finance\lib\utils\log.py 53 debug 32388 7004 
 	 sso verify time:511.68060302734375 ms 

DEBUG [2018-08-09 16:00:13] C:\Users\Tc\PycharmProjects\tc_finance\lib\utils\log.py 53 debug 32388 7004 
 	 [PriceruleViewSet : list]Training complete in 0.515569 real seconds 

DEBUG [2018-08-09 16:00:22] C:\Users\Tc\PycharmProjects\tc_finance\lib\utils\log.py 53 debug 32388 40528 
 	 sso verify time:275.2702236175537 ms 

DEBUG [2018-08-09 16:01:25] C:\Users\Tc\PycharmProjects\tc_finance\lib\utils\log.py 53 debug 32388 30792 
 	 sso verify time:210.42823791503906 ms 

DEBUG [2018-08-09 16:01:25] C:\Users\Tc\PycharmProjects\tc_finance\lib\utils\log.py 53 debug 32388 30792 
 	 [StatementSupDetaiExlViewset : statement]Training complete in 0.375989 real seconds 

